<?xml version="1.0" encoding="UTF-8"?>
<!-- Generated by org.testng.reporters.JUnitXMLReporter -->
<testsuite ignored="0" hostname="DESKTOP-9OOOF17" failures="1" tests="1" name="WIKI" time="108.028" errors="0" timestamp="2022-08-23T19:04:04 IST">
  <testcase classname="Test.Wiki_Test" name="Validatewiki" time="107.674">
    <failure type="java.lang.AssertionError" message="expected [17 December 2021] but found [January 7, 2022 (United States)]">
      <![CDATA[java.lang.AssertionError: expected [17 December 2021] but found [January 7, 2022 (United States)]
at Test.Wiki_Test.Validatewiki(Wiki_Test.java:36)
at java.base/java.util.ArrayList.forEach(ArrayList.java:1511)
... Removed 33 stack frames]]>
    </failure>
  </testcase> <!-- Validatewiki -->
</testsuite> <!-- WIKI -->
